<?xml version="1.0" encoding="UTF-8"?>
<!-- Generated by org.testng.reporters.JUnitReportReporter -->
<testsuite hostname="Aduitiya" failures="0" tests="2" name="MavenJavaPractice.RestAPITest" time="0.003" errors="0" timestamp="2022-05-06T00:00:15 IST" skipped="0">
  <testcase classname="MavenJavaPractice.RestAPITest" name="postJira" time="0.000"/>
  <system-out/>
  <testcase classname="MavenJavaPractice.RestAPITest" name="deleteTwitter" time="0.003"/>
  <system-out/>
</testsuite> <!-- MavenJavaPractice.RestAPITest -->
