<?xml version="1.0" encoding="UTF-8"?>
<!-- Generated by org.testng.reporters.JUnitReportReporter -->
<testsuite hostname="Aduitiya" failures="0" tests="2" name="MavenJavaPractice.SeleniumTest" time="0.001" errors="0" timestamp="2022-05-06T00:00:15 IST" skipped="0">
  <testcase classname="MavenJavaPractice.SeleniumTest" name="elementsUI" time="0.001"/>
  <system-out/>
  <testcase classname="MavenJavaPractice.SeleniumTest" name="browserAutomation" time="0.000"/>
  <system-out/>
</testsuite> <!-- MavenJavaPractice.SeleniumTest -->
