<?xml version="1.0" encoding="UTF-8"?>
<!-- Generated by org.testng.reporters.JUnitReportReporter -->
<testsuite hostname="Aduitiya" failures="0" tests="2" name="MavenJavaPractice.AppiumTest" time="0.002" errors="0" timestamp="2022-05-06T00:00:15 IST" skipped="0">
  <testcase classname="MavenJavaPractice.AppiumTest" name="nativeAppAndroid" time="0.001"/>
  <system-out/>
  <testcase classname="MavenJavaPractice.AppiumTest" name="iOSApps" time="0.001"/>
  <system-out/>
</testsuite> <!-- MavenJavaPractice.AppiumTest -->
